
Command: shopt -s histappend
Output:

Exit Code: 0
----
Command: help
Output:
GNU bash, version 3.2.57(1)-release (arm64-apple-darwin24)
These shell commands are defined internally.  Type `help' to see this list.
Type `help name' to find out more about the function `name'.
Use `info bash' to find out more about the shell in general.
Use `man -k' or `info' to find out more about commands not in this list.

A star (*) next to a name means that the command is disabled.

 JOB_SPEC [&]                       (( expression ))
 . filename [arguments]             :
 [ arg... ]                         [[ expression ]]
 alias [-p] [name[=value] ... ]     bg [job_spec ...]
 bind [-lpvsPVS] [-m keymap] [-f fi break [n]
 builtin [shell-builtin [arg ...]]  caller [EXPR]
 case WORD in [PATTERN [| PATTERN]. cd [-L|-P] [dir]
 command [-pVv] command [arg ...]   compgen [-abcdefgjksuv] [-o option
 complete [-abcdefgjksuv] [-pr] [-o continue [n]
 declare [-afFirtx] [-p] [name[=val dirs [-clpv] [+N] [-N]
 disown [-h] [-ar] [jobspec ...]    echo [-neE] [arg ...]
 enable [-pnds] [-a] [-f filename]  eval [arg ...]
 exec [-cl] [-a name] file [redirec exit [n]
 export [-nf] [name[=value] ...] or false
 fc [-e ename] [-nlr] [first] [last fg [job_spec]
 for NAME [in WORDS ... ;] do COMMA for (( exp1; exp2; exp3 )); do COM
 function NAME { COMMANDS ; } or NA getopts optstring name [arg]
 hash [-lr] [-p pathname] [-dt] [na help [-s] [pattern ...]
 history [-c] [-d offset] [n] or hi if COMMANDS; then COMMANDS; [ elif
 jobs [-lnprs] [jobspec ...] or job kill [-s sigspec | -n signum | -si
 let arg [arg ...]                  local name[=value] ...
 logout                             popd [+N | -N] [-n]
 printf [-v var] format [arguments] pushd [dir | +N | -N] [-n]
 pwd [-LP]                          read [-ers] [-u fd] [-t timeout] [
 readonly [-af] [name[=value] ...]  return [n]
 select NAME [in WORDS ... ;] do CO set [--abefhkmnptuvxBCHP] [-o opti
 shift [n]                          shopt [-pqsu] [-o long-option] opt
 source filename [arguments]        suspend [-f]
 test [expr]                        time [-p] PIPELINE
 times                              trap [-lp] [arg signal_spec ...]
 true                               type [-afptP] name [name ...]
 typeset [-afFirtx] [-p] name[=valu ulimit [-SHacdfilmnpqstuvx] [limit
 umask [-p] [-S] [mode]             unalias [-a] name [name ...]
 unset [-f] [-v] [name ...]         until COMMANDS; do COMMANDS; done
 variables - Some variable names an wait [n]
 while COMMANDS; do COMMANDS; done  { COMMANDS ; }
Exit Code: 0
----
Command: clear
Output:
[3J[H[2J
Exit Code: 0
----
Command: ls
Output:
app
command_output.log
contracts
Exit Code: 0
----
Command: cd bounty-d5xzn/
Output:
bash: cd: bounty-d5xzn/: No such file or directory
Exit Code: 1
----
Command: code .
Output:
bash: code: command not found
Exit Code: 127
----
Command: cd bounty-d5xzn/
Output:
bash: cd: bounty-d5xzn/: No such file or directory
Exit Code: 1
----
Command: cd bounty-d5xzn/
Output:
bash: cd: bounty-d5xzn/: No such file or directory
Exit Code: 1
----
Command: git status
Output:
On branch main
Changes not staged for commit:
  (use "git add <file>..." to update what will be committed)
  (use "git restore <file>..." to discard changes in working directory)
	modified:   ../../command_output.log

Untracked files:
  (use "git add <file>..." to include in what will be committed)
	../

no changes added to commit (use "git add" and/or "git commit -a")
Exit Code: 0
----
Command: ls
Output:
app
command_output.log
contracts
Exit Code: 0
----
Command: git add .
Output:

Exit Code: 0
----
Command: git status
Output:
On branch main
Changes to be committed:
  (use "git restore --staged <file>..." to unstage)
	new file:   .DS_Store
	new file:   .env.local
	new file:   app/.DS_Store
	new file:   app/api/.DS_Store
	new file:   app/api/callback/route.ts
	new file:   app/command_output.log
	new file:   app/page.tsx
	new file:   command_output.log
	new file:   contracts/ContributorNFT.json
	new file:   contracts/ContributorNFT.sol

Changes not staged for commit:
  (use "git add <file>..." to update what will be committed)
  (use "git restore <file>..." to discard changes in working directory)
	modified:   ../../command_output.log
	modified:   command_output.log

Untracked files:
  (use "git add <file>..." to include in what will be committed)
	../.DS_Store
	../bounty-693ui/
	../bounty-l7c3x/
	../bounty-naqiq/
	../bounty-o9f3q/
	../command_output.log
Exit Code: 0
----
Command: git pudh
Output:
git: 'pudh' is not a git command. See 'git --help'.

The most similar command is
	push
Exit Code: 1
----
Command: git pudh
Output:
git: 'pudh' is not a git command. See 'git --help'.

The most similar command is
	push
Exit Code: 1
----
Command: git puds
Output:
git: 'puds' is not a git command. See 'git --help'.

The most similar commands are
	pull
	push
Exit Code: 1
----
Command: git push
Output:
fatal: No configured push destination.
Either specify the URL from the command-line or configure a remote repository using

    git remote add <name> <url>

and then push using the remote name

    git push <name>
Exit Code: 128
----
Command: git remote add origin https://github.com/Arpit-Khandelwal/devdockai.git
Output:
error: remote origin already exists.
Exit Code: 3
----
Command: git push -u origin main
Output:
Everything up-to-date
branch 'main' set up to track 'origin/main'.
Exit Code: 0
----
